<?xml version="1.0" encoding="UTF-8"?>
<!-- Generated by org.testng.reporters.JUnitReportReporter -->
<testsuite hostname="fedora" failures="0" tests="1" name="com.example.LoginPageApplicationTests" time="1.794" errors="0" timestamp="2023-06-19T15:36:57 IST" skipped="0">
  <testcase classname="com.example.LoginPageApplicationTests" name="loginTest" time="1.794"/>
</testsuite> <!-- com.example.LoginPageApplicationTests -->
